2017-01-14 16:53:43.568+0000 WARN  [o.n.i.p.PageCache] The dbms.memory.pagecache.size setting has not been configured. It is recommended that this setting is always explicitly configured, to ensure the system has a balanced configuration. Until then, a computed heuristic value of 1659435008 bytes will be used instead. 
2017-01-14 16:53:43.673+0000 INFO  [o.n.k.i.f.CommunityEditionModule] No locking implementation specified, defaulting to 'community'
2017-01-14 16:53:43.876+0000 INFO  [o.n.k.AvailabilityGuard] Requirement makes database unavailable: Database available
2017-01-14 16:53:43.958+0000 INFO  [o.n.k.i.DiagnosticsManager] --- INITIALIZED diagnostics START ---
2017-01-14 16:53:43.959+0000 INFO  [o.n.k.i.DiagnosticsManager] Neo4j Kernel properties:
2017-01-14 16:53:43.960+0000 INFO  [o.n.k.i.DiagnosticsManager] unsupported.dbms.edition=community
2017-01-14 16:53:43.960+0000 INFO  [o.n.k.i.DiagnosticsManager] unsupported.dbms.directories.neo4j_home=C:\Users\alejandro\Desktop\workspace\Neo4j\direction
2017-01-14 16:53:43.960+0000 INFO  [o.n.k.i.DiagnosticsManager] unsupported.dbms.ephemeral=false
2017-01-14 16:53:43.961+0000 INFO  [o.n.k.i.DiagnosticsManager] Diagnostics providers:
2017-01-14 16:53:43.961+0000 INFO  [o.n.k.i.DiagnosticsManager] org.neo4j.kernel.configuration.Config
2017-01-14 16:53:43.961+0000 INFO  [o.n.k.i.DiagnosticsManager] org.neo4j.kernel.info.DiagnosticsManager
2017-01-14 16:53:43.962+0000 INFO  [o.n.k.i.DiagnosticsManager] SYSTEM_MEMORY
2017-01-14 16:53:43.962+0000 INFO  [o.n.k.i.DiagnosticsManager] JAVA_MEMORY
2017-01-14 16:53:43.962+0000 INFO  [o.n.k.i.DiagnosticsManager] OPERATING_SYSTEM
2017-01-14 16:53:43.962+0000 INFO  [o.n.k.i.DiagnosticsManager] JAVA_VIRTUAL_MACHINE
2017-01-14 16:53:43.962+0000 INFO  [o.n.k.i.DiagnosticsManager] CLASSPATH
2017-01-14 16:53:43.963+0000 INFO  [o.n.k.i.DiagnosticsManager] LIBRARY_PATH
2017-01-14 16:53:43.963+0000 INFO  [o.n.k.i.DiagnosticsManager] SYSTEM_PROPERTIES
2017-01-14 16:53:43.963+0000 INFO  [o.n.k.i.DiagnosticsManager] NETWORK
2017-01-14 16:53:43.963+0000 INFO  [o.n.k.i.DiagnosticsManager] System memory information:
2017-01-14 16:53:43.969+0000 INFO  [o.n.k.i.DiagnosticsManager] Total Physical memory: 3,98 GB
2017-01-14 16:53:43.970+0000 INFO  [o.n.k.i.DiagnosticsManager] Free Physical memory: 1,14 GB
2017-01-14 16:53:43.971+0000 INFO  [o.n.k.i.DiagnosticsManager] Committed virtual memory: 162,96 MB
2017-01-14 16:53:43.971+0000 INFO  [o.n.k.i.DiagnosticsManager] Total swap space: 4,66 GB
2017-01-14 16:53:43.972+0000 INFO  [o.n.k.i.DiagnosticsManager] Free swap space: 1,11 GB
2017-01-14 16:53:43.972+0000 INFO  [o.n.k.i.DiagnosticsManager] JVM memory information:
2017-01-14 16:53:43.973+0000 INFO  [o.n.k.i.DiagnosticsManager] Free  memory: 44,90 MB
2017-01-14 16:53:43.973+0000 INFO  [o.n.k.i.DiagnosticsManager] Total memory: 61,50 MB
2017-01-14 16:53:43.974+0000 INFO  [o.n.k.i.DiagnosticsManager] Max   memory: 907,00 MB
2017-01-14 16:53:43.978+0000 INFO  [o.n.k.i.DiagnosticsManager] Garbage Collector: PS Scavenge: [PS Eden Space, PS Survivor Space]
2017-01-14 16:53:43.978+0000 INFO  [o.n.k.i.DiagnosticsManager] Garbage Collector: PS MarkSweep: [PS Eden Space, PS Survivor Space, PS Old Gen]
2017-01-14 16:53:43.980+0000 INFO  [o.n.k.i.DiagnosticsManager] Memory Pool: Code Cache (Non-heap memory): committed=3,44 MB, used=3,42 MB, max=240,00 MB, threshold=0,00 B
2017-01-14 16:53:43.981+0000 INFO  [o.n.k.i.DiagnosticsManager] Memory Pool: Metaspace (Non-heap memory): committed=10,25 MB, used=9,62 MB, max=-1,00 B, threshold=0,00 B
2017-01-14 16:53:43.982+0000 INFO  [o.n.k.i.DiagnosticsManager] Memory Pool: Compressed Class Space (Non-heap memory): committed=1,50 MB, used=1,27 MB, max=1,00 GB, threshold=0,00 B
2017-01-14 16:53:43.983+0000 INFO  [o.n.k.i.DiagnosticsManager] Memory Pool: PS Eden Space (Heap memory): committed=16,00 MB, used=709,24 kB, max=335,00 MB, threshold=?
2017-01-14 16:53:43.983+0000 INFO  [o.n.k.i.DiagnosticsManager] Memory Pool: PS Survivor Space (Heap memory): committed=2,50 MB, used=2,49 MB, max=2,50 MB, threshold=?
2017-01-14 16:53:43.984+0000 INFO  [o.n.k.i.DiagnosticsManager] Memory Pool: PS Old Gen (Heap memory): committed=43,00 MB, used=13,48 MB, max=680,00 MB, threshold=0,00 B
2017-01-14 16:53:43.984+0000 INFO  [o.n.k.i.DiagnosticsManager] Operating system information:
2017-01-14 16:53:43.985+0000 INFO  [o.n.k.i.DiagnosticsManager] Operating System: Windows 10; version: 10.0; arch: amd64; cpus: 4
2017-01-14 16:53:43.999+0000 INFO  [o.n.k.i.DiagnosticsManager] Process id: 7112@DESKTOP-OL3205B
2017-01-14 16:53:43.999+0000 INFO  [o.n.k.i.DiagnosticsManager] Byte order: LITTLE_ENDIAN
2017-01-14 16:53:43.999+0000 INFO  [o.n.k.i.DiagnosticsManager] Local timezone: Europe/Paris
2017-01-14 16:53:44.000+0000 INFO  [o.n.k.i.DiagnosticsManager] JVM information:
2017-01-14 16:53:44.000+0000 INFO  [o.n.k.i.DiagnosticsManager] VM Name: Java HotSpot(TM) 64-Bit Server VM
2017-01-14 16:53:44.000+0000 INFO  [o.n.k.i.DiagnosticsManager] VM Vendor: Oracle Corporation
2017-01-14 16:53:44.000+0000 INFO  [o.n.k.i.DiagnosticsManager] VM Version: 25.60-b23
2017-01-14 16:53:44.000+0000 INFO  [o.n.k.i.DiagnosticsManager] JIT compiler: HotSpot 64-Bit Tiered Compilers
2017-01-14 16:53:44.001+0000 INFO  [o.n.k.i.DiagnosticsManager] VM Arguments: [-Dfile.encoding=Cp1252]
2017-01-14 16:53:44.001+0000 INFO  [o.n.k.i.DiagnosticsManager] Java classpath:
2017-01-14 16:53:44.006+0000 INFO  [o.n.k.i.DiagnosticsManager]  [classpath + loader.0] file:/C:/neo4j-community-3.1.0-windows/neo4j-community-3.1.0/lib/neo4j-csv-3.1.0.jar
2017-01-14 16:53:44.006+0000 INFO  [o.n.k.i.DiagnosticsManager]  [classpath + loader.0] file:/C:/Users/alejandro/Desktop/workspace/Neo4j/bin/
2017-01-14 16:53:44.006+0000 INFO  [o.n.k.i.DiagnosticsManager]  [classpath + loader.0] file:/C:/neo4j-community-3.1.0-windows/neo4j-community-3.1.0/lib/neo4j-browser-2.0.0-M10.jar
2017-01-14 16:53:44.006+0000 INFO  [o.n.k.i.DiagnosticsManager]  [classpath + loader.0] file:/C:/neo4j-community-3.1.0-windows/neo4j-community-3.1.0/lib/neo4j-cypher-compiler-3.1-3.1.0.jar
2017-01-14 16:53:44.006+0000 INFO  [o.n.k.i.DiagnosticsManager]  [classpath + loader.0] file:/C:/neo4j-community-3.1.0-windows/neo4j-community-3.1.0/lib/netty-all-4.1.6.Final.jar
2017-01-14 16:53:44.006+0000 INFO  [o.n.k.i.DiagnosticsManager]  [classpath + loader.0] file:/C:/Users/alejandro/Desktop/smartpolitech/libreriasJSON/json-simple-1.1.jar
2017-01-14 16:53:44.006+0000 INFO  [o.n.k.i.DiagnosticsManager]  [classpath + loader.0] file:/C:/neo4j-community-3.1.0-windows/neo4j-community-3.1.0/lib/commons-io-2.4.jar
2017-01-14 16:53:44.007+0000 INFO  [o.n.k.i.DiagnosticsManager]  [classpath + loader.0] file:/C:/neo4j-community-3.1.0-windows/neo4j-community-3.1.0/lib/neo4j-cypher-compiler-3.0-3.0.7.jar
2017-01-14 16:53:44.007+0000 INFO  [o.n.k.i.DiagnosticsManager]  [classpath + loader.0] file:/C:/neo4j-community-3.1.0-windows/neo4j-community-3.1.0/lib/neo4j-cypher-frontend-3.0-3.0.7.jar
2017-01-14 16:53:44.007+0000 INFO  [o.n.k.i.DiagnosticsManager]  [classpath + loader.0] file:/C:/neo4j-community-3.1.0-windows/neo4j-community-3.1.0/lib/jersey-multipart-1.19.jar
2017-01-14 16:53:44.007+0000 INFO  [o.n.k.i.DiagnosticsManager]  [classpath + loader.0] file:/C:/neo4j-community-3.1.0-windows/neo4j-community-3.1.0/lib/commons-compress-1.12.jar
2017-01-14 16:53:44.007+0000 INFO  [o.n.k.i.DiagnosticsManager]  [bootstrap] C:\Program Files\Java\jre1.8.0_60\lib\rt.jar
2017-01-14 16:53:44.007+0000 INFO  [o.n.k.i.DiagnosticsManager]  [classpath + loader.0] file:/C:/neo4j-community-3.1.0-windows/neo4j-community-3.1.0/lib/neo4j-server-3.1.0.jar
2017-01-14 16:53:44.007+0000 INFO  [o.n.k.i.DiagnosticsManager]  [loader.1] file:/C:/Program%20Files/Java/jre1.8.0_60/lib/ext/sunec.jar
2017-01-14 16:53:44.007+0000 INFO  [o.n.k.i.DiagnosticsManager]  [classpath + loader.0] file:/C:/neo4j-community-3.1.0-windows/neo4j-community-3.1.0/lib/jackson-jaxrs-1.9.13.jar
2017-01-14 16:53:44.007+0000 INFO  [o.n.k.i.DiagnosticsManager]  [classpath + loader.0] file:/C:/neo4j-community-3.1.0-windows/neo4j-community-3.1.0/lib/jetty-servlet-9.2.9.v20150224.jar
2017-01-14 16:53:44.007+0000 INFO  [o.n.k.i.DiagnosticsManager]  [classpath + loader.0] file:/C:/neo4j-community-3.1.0-windows/neo4j-community-3.1.0/lib/neo4j-graphdb-api-3.1.0.jar
2017-01-14 16:53:44.007+0000 INFO  [o.n.k.i.DiagnosticsManager]  [loader.1] file:/C:/Program%20Files/Java/jre1.8.0_60/lib/ext/localedata.jar
2017-01-14 16:53:44.007+0000 INFO  [o.n.k.i.DiagnosticsManager]  [loader.1] file:/C:/Program%20Files/Java/jre1.8.0_60/lib/ext/nashorn.jar
2017-01-14 16:53:44.007+0000 INFO  [o.n.k.i.DiagnosticsManager]  [classpath + loader.0] file:/C:/neo4j-community-3.1.0-windows/neo4j-community-3.1.0/lib/neo4j-command-line-3.1.0.jar
2017-01-14 16:53:44.008+0000 INFO  [o.n.k.i.DiagnosticsManager]  [classpath + loader.0] file:/C:/neo4j-community-3.1.0-windows/neo4j-community-3.1.0/lib/neo4j-cypher-3.1.0.jar
2017-01-14 16:53:44.008+0000 INFO  [o.n.k.i.DiagnosticsManager]  [bootstrap] C:\Program Files\Java\jre1.8.0_60\lib\sunrsasign.jar
2017-01-14 16:53:44.008+0000 INFO  [o.n.k.i.DiagnosticsManager]  [loader.1] file:/C:/Program%20Files/Java/jre1.8.0_60/lib/ext/zipfs.jar
2017-01-14 16:53:44.008+0000 INFO  [o.n.k.i.DiagnosticsManager]  [classpath + loader.0] file:/C:/neo4j-community-3.1.0-windows/neo4j-community-3.1.0/lib/neo4j-cypher-compiler-2.3-2.3.7.jar
2017-01-14 16:53:44.008+0000 INFO  [o.n.k.i.DiagnosticsManager]  [classpath + loader.0] file:/C:/neo4j-community-3.1.0-windows/neo4j-community-3.1.0/lib/neo4j-cypher-frontend-3.1-3.1.0.jar
2017-01-14 16:53:44.008+0000 INFO  [o.n.k.i.DiagnosticsManager]  [classpath + loader.0] file:/C:/neo4j-community-3.1.0-windows/neo4j-community-3.1.0/lib/neo4j-dbms-3.1.0.jar
2017-01-14 16:53:44.008+0000 INFO  [o.n.k.i.DiagnosticsManager]  [classpath + loader.0] file:/C:/neo4j-community-3.1.0-windows/neo4j-community-3.1.0/lib/neo4j-primitive-collections-3.1.0.jar
2017-01-14 16:53:44.008+0000 INFO  [o.n.k.i.DiagnosticsManager]  [classpath + loader.0] file:/C:/neo4j-community-3.1.0-windows/neo4j-community-3.1.0/lib/neo4j-common-3.1.0.jar
2017-01-14 16:53:44.008+0000 INFO  [o.n.k.i.DiagnosticsManager]  [classpath + loader.0] file:/C:/neo4j-community-3.1.0-windows/neo4j-community-3.1.0/lib/jetty-webapp-9.2.9.v20150224.jar
2017-01-14 16:53:44.008+0000 INFO  [o.n.k.i.DiagnosticsManager]  [classpath + loader.0] file:/C:/neo4j-community-3.1.0-windows/neo4j-community-3.1.0/lib/neo4j-codegen-3.1.0.jar
2017-01-14 16:53:44.008+0000 INFO  [o.n.k.i.DiagnosticsManager]  [classpath + loader.0] file:/C:/neo4j-community-3.1.0-windows/neo4j-community-3.1.0/lib/mimepull-1.9.3.jar
2017-01-14 16:53:44.009+0000 INFO  [o.n.k.i.DiagnosticsManager]  [classpath + loader.0] file:/C:/neo4j-community-3.1.0-windows/neo4j-community-3.1.0/lib/jetty-server-9.2.9.v20150224.jar
2017-01-14 16:53:44.009+0000 INFO  [o.n.k.i.DiagnosticsManager]  [classpath + loader.0] file:/C:/neo4j-community-3.1.0-windows/neo4j-community-3.1.0/lib/jsr311-api-1.1.2.r612.jar
2017-01-14 16:53:44.009+0000 INFO  [o.n.k.i.DiagnosticsManager]  [classpath + loader.0] file:/C:/neo4j-community-3.1.0-windows/neo4j-community-3.1.0/lib/concurrentlinkedhashmap-lru-1.4.2.jar
2017-01-14 16:53:44.009+0000 INFO  [o.n.k.i.DiagnosticsManager]  [classpath + loader.0] file:/C:/neo4j-community-3.1.0-windows/neo4j-community-3.1.0/lib/jetty-util-9.2.9.v20150224.jar
2017-01-14 16:53:44.009+0000 INFO  [o.n.k.i.DiagnosticsManager]  [classpath + loader.0] file:/C:/neo4j-community-3.1.0-windows/neo4j-community-3.1.0/lib/lucene-queryparser-5.5.0.jar
2017-01-14 16:53:44.009+0000 INFO  [o.n.k.i.DiagnosticsManager]  [classpath + loader.0] file:/C:/neo4j-community-3.1.0-windows/neo4j-community-3.1.0/lib/neo4j-lucene-index-3.1.0.jar
2017-01-14 16:53:44.009+0000 INFO  [o.n.k.i.DiagnosticsManager]  [bootstrap] C:\Program Files\Java\jre1.8.0_60\lib\resources.jar
2017-01-14 16:53:44.009+0000 INFO  [o.n.k.i.DiagnosticsManager]  [classpath + loader.0] file:/C:/neo4j-community-3.1.0-windows/neo4j-community-3.1.0/lib/neo4j-resource-3.1.0.jar
2017-01-14 16:53:44.009+0000 INFO  [o.n.k.i.DiagnosticsManager]  [classpath + loader.0] file:/C:/neo4j-community-3.1.0-windows/neo4j-community-3.1.0/lib/jetty-io-9.2.9.v20150224.jar
2017-01-14 16:53:44.009+0000 INFO  [o.n.k.i.DiagnosticsManager]  [loader.1] file:/C:/Program%20Files/Java/jre1.8.0_60/lib/ext/dnsns.jar
2017-01-14 16:53:44.009+0000 INFO  [o.n.k.i.DiagnosticsManager]  [classpath + loader.0] file:/C:/neo4j-community-3.1.0-windows/neo4j-community-3.1.0/lib/neo4j-udc-3.1.0.jar
2017-01-14 16:53:44.009+0000 INFO  [o.n.k.i.DiagnosticsManager]  [classpath + loader.0] file:/C:/neo4j-community-3.1.0-windows/neo4j-community-3.1.0/lib/neo4j-security-3.1.0.jar
2017-01-14 16:53:44.009+0000 INFO  [o.n.k.i.DiagnosticsManager]  [classpath + loader.0] file:/C:/neo4j-community-3.1.0-windows/neo4j-community-3.1.0/lib/jetty-xml-9.2.9.v20150224.jar
2017-01-14 16:53:44.009+0000 INFO  [o.n.k.i.DiagnosticsManager]  [loader.1] file:/C:/Program%20Files/Java/jre1.8.0_60/lib/ext/access-bridge-64.jar
2017-01-14 16:53:44.009+0000 INFO  [o.n.k.i.DiagnosticsManager]  [classpath + loader.0] file:/C:/neo4j-community-3.1.0-windows/neo4j-community-3.1.0/lib/jackson-core-asl-1.9.13.jar
2017-01-14 16:53:44.009+0000 INFO  [o.n.k.i.DiagnosticsManager]  [classpath + loader.0] file:/C:/neo4j-community-3.1.0-windows/neo4j-community-3.1.0/lib/neo4j-bolt-3.1.0.jar
2017-01-14 16:53:44.010+0000 INFO  [o.n.k.i.DiagnosticsManager]  [classpath + loader.0] file:/C:/neo4j-community-3.1.0-windows/neo4j-community-3.1.0/lib/commons-logging-1.1.1.jar
2017-01-14 16:53:44.010+0000 INFO  [o.n.k.i.DiagnosticsManager]  [classpath + loader.0] file:/C:/neo4j-community-3.1.0-windows/neo4j-community-3.1.0/lib/neo4j-io-3.1.0.jar
2017-01-14 16:53:44.010+0000 INFO  [o.n.k.i.DiagnosticsManager]  [bootstrap] C:\Program Files\Java\jre1.8.0_60\lib\charsets.jar
2017-01-14 16:53:44.010+0000 INFO  [o.n.k.i.DiagnosticsManager]  [classpath + loader.0] file:/C:/neo4j-community-3.1.0-windows/neo4j-community-3.1.0/lib/neo4j-graph-algo-3.1.0.jar
2017-01-14 16:53:44.010+0000 INFO  [o.n.k.i.DiagnosticsManager]  [classpath + loader.0] file:/C:/neo4j-community-3.1.0-windows/neo4j-community-3.1.0/lib/lucene-core-5.5.0.jar
2017-01-14 16:53:44.010+0000 INFO  [o.n.k.i.DiagnosticsManager]  [classpath + loader.0] file:/C:/neo4j-community-3.1.0-windows/neo4j-community-3.1.0/lib/neo4j-shell-3.1.0.jar
2017-01-14 16:53:44.010+0000 INFO  [o.n.k.i.DiagnosticsManager]  [classpath + loader.0] file:/C:/neo4j-community-3.1.0-windows/neo4j-community-3.1.0/lib/lucene-analyzers-common-5.5.0.jar
2017-01-14 16:53:44.010+0000 INFO  [o.n.k.i.DiagnosticsManager]  [classpath + loader.0] file:/C:/neo4j-community-3.1.0-windows/neo4j-community-3.1.0/lib/neo4j-graph-matching-3.1.0.jar
2017-01-14 16:53:44.010+0000 INFO  [o.n.k.i.DiagnosticsManager]  [classpath + loader.0] file:/C:/neo4j-community-3.1.0-windows/neo4j-community-3.1.0/lib/jackson-mapper-asl-1.9.13.jar
2017-01-14 16:53:44.010+0000 INFO  [o.n.k.i.DiagnosticsManager]  [classpath + loader.0] file:/C:/neo4j-community-3.1.0-windows/neo4j-community-3.1.0/lib/neo4j-lucene-upgrade-3.1.0.jar
2017-01-14 16:53:44.010+0000 INFO  [o.n.k.i.DiagnosticsManager]  [classpath + loader.0] file:/C:/neo4j-community-3.1.0-windows/neo4j-community-3.1.0/lib/neo4j-import-tool-3.1.0.jar
2017-01-14 16:53:44.010+0000 INFO  [o.n.k.i.DiagnosticsManager]  [classpath + loader.0] file:/C:/neo4j-community-3.1.0-windows/neo4j-community-3.1.0/lib/opencsv-2.3.jar
2017-01-14 16:53:44.010+0000 INFO  [o.n.k.i.DiagnosticsManager]  [classpath + loader.0] file:/C:/neo4j-community-3.1.0-windows/neo4j-community-3.1.0/lib/neo4j-consistency-check-3.1.0.jar
2017-01-14 16:53:44.010+0000 INFO  [o.n.k.i.DiagnosticsManager]  [loader.1] file:/C:/Program%20Files/Java/jre1.8.0_60/lib/ext/jaccess.jar
2017-01-14 16:53:44.010+0000 INFO  [o.n.k.i.DiagnosticsManager]  [classpath + loader.0] file:/C:/neo4j-community-3.1.0-windows/neo4j-community-3.1.0/lib/commons-digester-2.1.jar
2017-01-14 16:53:44.010+0000 INFO  [o.n.k.i.DiagnosticsManager]  [bootstrap] C:\Program Files\Java\jre1.8.0_60\classes
2017-01-14 16:53:44.010+0000 INFO  [o.n.k.i.DiagnosticsManager]  [classpath + loader.0] file:/C:/neo4j-community-3.1.0-windows/neo4j-community-3.1.0/lib/jersey-server-1.19.jar
2017-01-14 16:53:44.011+0000 INFO  [o.n.k.i.DiagnosticsManager]  [classpath + loader.0] file:/C:/neo4j-community-3.1.0-windows/neo4j-community-3.1.0/lib/neo4j-jmx-3.1.0.jar
2017-01-14 16:53:44.011+0000 INFO  [o.n.k.i.DiagnosticsManager]  [classpath + loader.0] file:/C:/neo4j-community-3.1.0-windows/neo4j-community-3.1.0/lib/parboiled-core-1.1.7.jar
2017-01-14 16:53:44.011+0000 INFO  [o.n.k.i.DiagnosticsManager]  [classpath + loader.0] file:/C:/neo4j-community-3.1.0-windows/neo4j-community-3.1.0/lib/bcpkix-jdk15on-1.53.jar
2017-01-14 16:53:44.011+0000 INFO  [o.n.k.i.DiagnosticsManager]  [classpath + loader.0] file:/C:/neo4j-community-3.1.0-windows/neo4j-community-3.1.0/lib/commons-configuration-1.10.jar
2017-01-14 16:53:44.011+0000 INFO  [o.n.k.i.DiagnosticsManager]  [classpath + loader.0] file:/C:/neo4j-community-3.1.0-windows/neo4j-community-3.1.0/lib/parboiled-scala_2.11-1.1.7.jar
2017-01-14 16:53:44.011+0000 INFO  [o.n.k.i.DiagnosticsManager]  [classpath + loader.0] file:/C:/neo4j-community-3.1.0-windows/neo4j-community-3.1.0/lib/neo4j-kernel-3.1.0.jar
2017-01-14 16:53:44.011+0000 INFO  [o.n.k.i.DiagnosticsManager]  [loader.1] file:/C:/Program%20Files/Java/jre1.8.0_60/lib/ext/sunmscapi.jar
2017-01-14 16:53:44.011+0000 INFO  [o.n.k.i.DiagnosticsManager]  [classpath + loader.0] file:/C:/neo4j-community-3.1.0-windows/neo4j-community-3.1.0/lib/jersey-core-1.19.jar
2017-01-14 16:53:44.011+0000 INFO  [o.n.k.i.DiagnosticsManager]  [classpath + loader.0] file:/C:/neo4j-community-3.1.0-windows/neo4j-community-3.1.0/lib/server-api-3.1.0.jar
2017-01-14 16:53:44.011+0000 INFO  [o.n.k.i.DiagnosticsManager]  [bootstrap] C:\Program Files\Java\jre1.8.0_60\lib\jce.jar
2017-01-14 16:53:44.011+0000 INFO  [o.n.k.i.DiagnosticsManager]  [loader.1] file:/C:/Program%20Files/Java/jre1.8.0_60/lib/ext/sunpkcs11.jar
2017-01-14 16:53:44.011+0000 INFO  [o.n.k.i.DiagnosticsManager]  [classpath + loader.0] file:/C:/neo4j-community-3.1.0-windows/neo4j-community-3.1.0/lib/jline-2.12.jar
2017-01-14 16:53:44.011+0000 INFO  [o.n.k.i.DiagnosticsManager]  [classpath + loader.0] file:/C:/neo4j-community-3.1.0-windows/neo4j-community-3.1.0/lib/commons-lang3-3.3.2.jar
2017-01-14 16:53:44.012+0000 INFO  [o.n.k.i.DiagnosticsManager]  [classpath + loader.0] file:/C:/neo4j-community-3.1.0-windows/neo4j-community-3.1.0/lib/jersey-servlet-1.19.jar
2017-01-14 16:53:44.012+0000 INFO  [o.n.k.i.DiagnosticsManager]  [classpath + loader.0] file:/C:/Users/alejandro/Desktop/smartpolitech/libreriasJSON/java-json.jar
2017-01-14 16:53:44.012+0000 INFO  [o.n.k.i.DiagnosticsManager]  [classpath + loader.0] file:/C:/neo4j-community-3.1.0-windows/neo4j-community-3.1.0/lib/javax.servlet-api-3.1.0.jar
2017-01-14 16:53:44.012+0000 INFO  [o.n.k.i.DiagnosticsManager]  [classpath + loader.0] file:/C:/neo4j-community-3.1.0-windows/neo4j-community-3.1.0/lib/commons-beanutils-1.8.3.jar
2017-01-14 16:53:44.012+0000 INFO  [o.n.k.i.DiagnosticsManager]  [classpath + loader.0] file:/C:/neo4j-community-3.1.0-windows/neo4j-community-3.1.0/lib/bcprov-jdk15on-1.53.jar
2017-01-14 16:53:44.012+0000 INFO  [o.n.k.i.DiagnosticsManager]  [classpath + loader.0] file:/C:/neo4j-community-3.1.0-windows/neo4j-community-3.1.0/lib/neo4j-collections-3.1.0.jar
2017-01-14 16:53:44.012+0000 INFO  [o.n.k.i.DiagnosticsManager]  [classpath + loader.0] file:/C:/Users/alejandro/Desktop/smartpolitech/libreriasJSON/gson-2.2.2.jar
2017-01-14 16:53:44.012+0000 INFO  [o.n.k.i.DiagnosticsManager]  [loader.1] file:/C:/Program%20Files/Java/jre1.8.0_60/lib/ext/cldrdata.jar
2017-01-14 16:53:44.012+0000 INFO  [o.n.k.i.DiagnosticsManager]  [loader.1] file:/C:/Program%20Files/Java/jre1.8.0_60/lib/ext/sunjce_provider.jar
2017-01-14 16:53:44.012+0000 INFO  [o.n.k.i.DiagnosticsManager]  [loader.1] file:/C:/Program%20Files/Java/jre1.8.0_60/lib/ext/jfxrt.jar
2017-01-14 16:53:44.012+0000 INFO  [o.n.k.i.DiagnosticsManager]  [classpath + loader.0] file:/C:/neo4j-community-3.1.0-windows/neo4j-community-3.1.0/lib/lucene-codecs-5.5.0.jar
2017-01-14 16:53:44.012+0000 INFO  [o.n.k.i.DiagnosticsManager]  [bootstrap] C:\Program Files\Java\jre1.8.0_60\lib\jsse.jar
2017-01-14 16:53:44.012+0000 INFO  [o.n.k.i.DiagnosticsManager]  [classpath + loader.0] file:/C:/neo4j-community-3.1.0-windows/neo4j-community-3.1.0/lib/neo4j-logging-3.1.0.jar
2017-01-14 16:53:44.012+0000 INFO  [o.n.k.i.DiagnosticsManager]  [classpath + loader.0] file:/C:/neo4j-community-3.1.0-windows/neo4j-community-3.1.0/lib/commons-lang-2.6.jar
2017-01-14 16:53:44.012+0000 INFO  [o.n.k.i.DiagnosticsManager]  [classpath + loader.0] file:/C:/neo4j-community-3.1.0-windows/neo4j-community-3.1.0/lib/neo4j-unsafe-3.1.0.jar
2017-01-14 16:53:44.012+0000 INFO  [o.n.k.i.DiagnosticsManager]  [bootstrap] C:\Program Files\Java\jre1.8.0_60\lib\jfr.jar
2017-01-14 16:53:44.012+0000 INFO  [o.n.k.i.DiagnosticsManager]  [classpath + loader.0] file:/C:/neo4j-community-3.1.0-windows/neo4j-community-3.1.0/lib/rhino-1.7R4.jar
2017-01-14 16:53:44.013+0000 INFO  [o.n.k.i.DiagnosticsManager]  [classpath + loader.0] file:/C:/neo4j-community-3.1.0-windows/neo4j-community-3.1.0/lib/caffeine-2.3.3.jar
2017-01-14 16:53:44.013+0000 INFO  [o.n.k.i.DiagnosticsManager]  [classpath + loader.0] file:/C:/neo4j-community-3.1.0-windows/neo4j-community-3.1.0/lib/jetty-security-9.2.9.v20150224.jar
2017-01-14 16:53:44.013+0000 INFO  [o.n.k.i.DiagnosticsManager]  [classpath + loader.0] file:/C:/Users/alejandro/Desktop/smartpolitech/libreriasJSON/json-simple-1.1.1-sources.jar
2017-01-14 16:53:44.013+0000 INFO  [o.n.k.i.DiagnosticsManager]  [classpath + loader.0] file:/C:/neo4j-community-3.1.0-windows/neo4j-community-3.1.0/lib/jetty-http-9.2.9.v20150224.jar
2017-01-14 16:53:44.013+0000 INFO  [o.n.k.i.DiagnosticsManager]  [classpath + loader.0] file:/C:/neo4j-community-3.1.0-windows/neo4j-community-3.1.0/lib/scala-library-2.11.8.jar
2017-01-14 16:53:44.013+0000 INFO  [o.n.k.i.DiagnosticsManager]  [classpath + loader.0] file:/C:/neo4j-community-3.1.0-windows/neo4j-community-3.1.0/lib/asm-5.0.4.jar
2017-01-14 16:53:44.013+0000 INFO  [o.n.k.i.DiagnosticsManager]  [classpath + loader.0] file:/C:/neo4j-community-3.1.0-windows/neo4j-community-3.1.0/lib/scala-reflect-2.11.8.jar
2017-01-14 16:53:44.013+0000 INFO  [o.n.k.i.DiagnosticsManager]  [classpath + loader.0] file:/C:/neo4j-community-3.1.0-windows/neo4j-community-3.1.0/lib/neo4j-cypher-frontend-2.3-2.3.7.jar
2017-01-14 16:53:44.013+0000 INFO  [o.n.k.i.DiagnosticsManager] Library path:
2017-01-14 16:53:44.013+0000 INFO  [o.n.k.i.DiagnosticsManager] C:\Program Files\Java\jre1.8.0_60\bin
2017-01-14 16:53:44.014+0000 INFO  [o.n.k.i.DiagnosticsManager] C:\Windows\Sun\Java\bin
2017-01-14 16:53:44.014+0000 INFO  [o.n.k.i.DiagnosticsManager] C:\Windows\System32
2017-01-14 16:53:44.014+0000 INFO  [o.n.k.i.DiagnosticsManager] C:\Windows
2017-01-14 16:53:44.014+0000 INFO  [o.n.k.i.DiagnosticsManager] C:\Program Files\Java\jre1.8.0_60\bin\server
2017-01-14 16:53:44.014+0000 INFO  [o.n.k.i.DiagnosticsManager] C:\Program Files\Java\jre1.8.0_60\bin
2017-01-14 16:53:44.015+0000 INFO  [o.n.k.i.DiagnosticsManager] C:\Program Files\Java\jre1.8.0_60\lib\amd64
2017-01-14 16:53:44.015+0000 INFO  [o.n.k.i.DiagnosticsManager] C:\ProgramData\Oracle\Java\javapath
2017-01-14 16:53:44.015+0000 INFO  [o.n.k.i.DiagnosticsManager] C:\Windows\System32
2017-01-14 16:53:44.015+0000 INFO  [o.n.k.i.DiagnosticsManager] C:\Windows
2017-01-14 16:53:44.015+0000 INFO  [o.n.k.i.DiagnosticsManager] C:\Windows\System32\wbem
2017-01-14 16:53:44.016+0000 INFO  [o.n.k.i.DiagnosticsManager] C:\Windows\System32\WindowsPowerShell\v1.0
2017-01-14 16:53:44.016+0000 INFO  [o.n.k.i.DiagnosticsManager] C:\Program Files (x86)\ATI Technologies\ATI.ACE\Core-Static
2017-01-14 16:53:44.017+0000 INFO  [o.n.k.i.DiagnosticsManager] C:\Program Files\Java\jdk1.8.0_60\bin
2017-01-14 16:53:44.017+0000 INFO  [o.n.k.i.DiagnosticsManager] C:\neo4j-community-3.1.0-windows\neo4j-community-3.1.0\bin
2017-01-14 16:53:44.017+0000 INFO  [o.n.k.i.DiagnosticsManager] C:\Users\alejandro\Desktop\eclipse
2017-01-14 16:53:44.018+0000 INFO  [o.n.k.i.DiagnosticsManager] C:\Users\alejandro\Desktop\workspace\Neo4j
2017-01-14 16:53:44.018+0000 INFO  [o.n.k.i.DiagnosticsManager] C:\Users\alejandro\Desktop\workspace\Neo4j
2017-01-14 16:53:44.018+0000 INFO  [o.n.k.i.DiagnosticsManager] System.properties:
2017-01-14 16:53:44.019+0000 INFO  [o.n.k.i.DiagnosticsManager] sun.boot.library.path = C:\Program Files\Java\jre1.8.0_60\bin
2017-01-14 16:53:44.019+0000 INFO  [o.n.k.i.DiagnosticsManager] path.separator = ;
2017-01-14 16:53:44.019+0000 INFO  [o.n.k.i.DiagnosticsManager] file.encoding.pkg = sun.io
2017-01-14 16:53:44.019+0000 INFO  [o.n.k.i.DiagnosticsManager] user.country = ES
2017-01-14 16:53:44.019+0000 INFO  [o.n.k.i.DiagnosticsManager] user.script = 
2017-01-14 16:53:44.019+0000 INFO  [o.n.k.i.DiagnosticsManager] sun.java.launcher = SUN_STANDARD
2017-01-14 16:53:44.019+0000 INFO  [o.n.k.i.DiagnosticsManager] sun.os.patch.level = 
2017-01-14 16:53:44.019+0000 INFO  [o.n.k.i.DiagnosticsManager] user.dir = C:\Users\alejandro\Desktop\workspace\Neo4j
2017-01-14 16:53:44.019+0000 INFO  [o.n.k.i.DiagnosticsManager] user.variant = 
2017-01-14 16:53:44.019+0000 INFO  [o.n.k.i.DiagnosticsManager] sun.jnu.encoding = Cp1252
2017-01-14 16:53:44.019+0000 INFO  [o.n.k.i.DiagnosticsManager] sun.management.compiler = HotSpot 64-Bit Tiered Compilers
2017-01-14 16:53:44.019+0000 INFO  [o.n.k.i.DiagnosticsManager] user.home = C:\Users\alejandro
2017-01-14 16:53:44.019+0000 INFO  [o.n.k.i.DiagnosticsManager] user.timezone = Europe/Paris
2017-01-14 16:53:44.019+0000 INFO  [o.n.k.i.DiagnosticsManager] file.encoding = Cp1252
2017-01-14 16:53:44.020+0000 INFO  [o.n.k.i.DiagnosticsManager] user.name = alejandro
2017-01-14 16:53:44.020+0000 INFO  [o.n.k.i.DiagnosticsManager] sun.java.command = ImportDate
2017-01-14 16:53:44.020+0000 INFO  [o.n.k.i.DiagnosticsManager] sun.arch.data.model = 64
2017-01-14 16:53:44.020+0000 INFO  [o.n.k.i.DiagnosticsManager] user.language = es
2017-01-14 16:53:44.020+0000 INFO  [o.n.k.i.DiagnosticsManager] awt.toolkit = sun.awt.windows.WToolkit
2017-01-14 16:53:44.020+0000 INFO  [o.n.k.i.DiagnosticsManager] file.separator = \
2017-01-14 16:53:44.020+0000 INFO  [o.n.k.i.DiagnosticsManager] sun.io.unicode.encoding = UnicodeLittle
2017-01-14 16:53:44.020+0000 INFO  [o.n.k.i.DiagnosticsManager] sun.cpu.endian = little
2017-01-14 16:53:44.020+0000 INFO  [o.n.k.i.DiagnosticsManager] sun.desktop = windows
2017-01-14 16:53:44.020+0000 INFO  [o.n.k.i.DiagnosticsManager] sun.cpu.isalist = amd64
2017-01-14 16:53:44.020+0000 INFO  [o.n.k.i.DiagnosticsManager] Network information:
2017-01-14 16:53:44.065+0000 INFO  [o.n.k.i.DiagnosticsManager] Interface Software Loopback Interface 1:
2017-01-14 16:53:44.066+0000 INFO  [o.n.k.i.DiagnosticsManager]     address: 127.0.0.1
2017-01-14 16:53:44.066+0000 INFO  [o.n.k.i.DiagnosticsManager]     address: 0:0:0:0:0:0:0:1
2017-01-14 16:53:44.066+0000 INFO  [o.n.k.i.DiagnosticsManager] Interface Microsoft ISATAP Adapter:
2017-01-14 16:53:44.066+0000 INFO  [o.n.k.i.DiagnosticsManager] Interface Microsoft ISATAP Adapter #3:
2017-01-14 16:53:44.066+0000 INFO  [o.n.k.i.DiagnosticsManager] Interface Microsoft 6to4 Adapter:
2017-01-14 16:53:44.066+0000 INFO  [o.n.k.i.DiagnosticsManager] Interface Microsoft Kernel Debug Network Adapter:
2017-01-14 16:53:44.067+0000 INFO  [o.n.k.i.DiagnosticsManager] Interface Microsoft Wi-Fi Direct Virtual Adapter:
2017-01-14 16:53:44.067+0000 INFO  [o.n.k.i.DiagnosticsManager]     address: fe80:0:0:0:d92e:d4f:189f:b4d1%wlan0
2017-01-14 16:53:44.067+0000 INFO  [o.n.k.i.DiagnosticsManager] Interface Teredo Tunneling Pseudo-Interface:
2017-01-14 16:53:44.067+0000 INFO  [o.n.k.i.DiagnosticsManager]     address: 2001:0:5ef5:79fd:2ce5:897:a417:b198
2017-01-14 16:53:44.067+0000 INFO  [o.n.k.i.DiagnosticsManager]     address: fe80:0:0:0:2ce5:897:a417:b198%net3
2017-01-14 16:53:44.067+0000 INFO  [o.n.k.i.DiagnosticsManager] Interface Microsoft ISATAP Adapter #2:
2017-01-14 16:53:44.067+0000 INFO  [o.n.k.i.DiagnosticsManager] Interface 802.11n Wireless LAN Card:
2017-01-14 16:53:44.067+0000 INFO  [o.n.k.i.DiagnosticsManager]     address: 192.168.2.5
2017-01-14 16:53:44.067+0000 INFO  [o.n.k.i.DiagnosticsManager]     address: fe80:0:0:0:c577:831:a53a:7263%wlan1
2017-01-14 16:53:44.067+0000 INFO  [o.n.k.i.DiagnosticsManager] Interface Qualcomm Atheros AR8151 PCI-E Gigabit Ethernet Controller (NDIS 6.30):
2017-01-14 16:53:44.067+0000 INFO  [o.n.k.i.DiagnosticsManager]     address: fe80:0:0:0:4430:c292:266:41cb%eth1
2017-01-14 16:53:44.068+0000 INFO  [o.n.k.i.DiagnosticsManager] Interface Microsoft Wi-Fi Direct Virtual Adapter #2:
2017-01-14 16:53:44.068+0000 INFO  [o.n.k.i.DiagnosticsManager] Interface Qualcomm Atheros AR8151 PCI-E Gigabit Ethernet Controller (NDIS 6.30)-WFP Native MAC Layer LightWeight Filter-0000:
2017-01-14 16:53:44.068+0000 INFO  [o.n.k.i.DiagnosticsManager] Interface Qualcomm Atheros AR8151 PCI-E Gigabit Ethernet Controller (NDIS 6.30)-QoS Packet Scheduler-0000:
2017-01-14 16:53:44.068+0000 INFO  [o.n.k.i.DiagnosticsManager] Interface Qualcomm Atheros AR8151 PCI-E Gigabit Ethernet Controller (NDIS 6.30)-WFP 802.3 MAC Layer LightWeight Filter-0000:
2017-01-14 16:53:44.068+0000 INFO  [o.n.k.i.DiagnosticsManager] Interface 802.11n Wireless LAN Card-WFP Native MAC Layer LightWeight Filter-0000:
2017-01-14 16:53:44.068+0000 INFO  [o.n.k.i.DiagnosticsManager] Interface 802.11n Wireless LAN Card-Virtual WiFi Filter Driver-0000:
2017-01-14 16:53:44.068+0000 INFO  [o.n.k.i.DiagnosticsManager] Interface 802.11n Wireless LAN Card-Native WiFi Filter Driver-0000:
2017-01-14 16:53:44.068+0000 INFO  [o.n.k.i.DiagnosticsManager] Interface 802.11n Wireless LAN Card-QoS Packet Scheduler-0000:
2017-01-14 16:53:44.069+0000 INFO  [o.n.k.i.DiagnosticsManager] Interface 802.11n Wireless LAN Card-WFP 802.3 MAC Layer LightWeight Filter-0000:
2017-01-14 16:53:44.069+0000 INFO  [o.n.k.i.DiagnosticsManager] Interface Microsoft Wi-Fi Direct Virtual Adapter-WFP Native MAC Layer LightWeight Filter-0000:
2017-01-14 16:53:44.069+0000 INFO  [o.n.k.i.DiagnosticsManager] Interface Microsoft Wi-Fi Direct Virtual Adapter-Native WiFi Filter Driver-0000:
2017-01-14 16:53:44.069+0000 INFO  [o.n.k.i.DiagnosticsManager] Interface Microsoft Wi-Fi Direct Virtual Adapter-QoS Packet Scheduler-0000:
2017-01-14 16:53:44.069+0000 INFO  [o.n.k.i.DiagnosticsManager] Interface Microsoft Wi-Fi Direct Virtual Adapter-WFP 802.3 MAC Layer LightWeight Filter-0000:
2017-01-14 16:53:44.069+0000 INFO  [o.n.k.i.DiagnosticsManager] --- INITIALIZED diagnostics END ---
2017-01-14 16:53:44.317+0000 INFO  [o.n.k.i.s.f.RecordFormatSelector] Selected format 'RecordFormat:StandardV3_0[v0.A.7]' for the new store
2017-01-14 16:53:46.585+0000 INFO  [o.n.k.a.i.l.LuceneLabelScanStore] No lucene scan store index found, this might just be first use. Preparing to rebuild.
2017-01-14 16:53:46.834+0000 INFO  [o.n.k.NeoStoreDataSource] Opened logical log [C:\Users\alejandro\Desktop\workspace\Neo4j\direction\neostore.transaction.db.0] version=0, lastTxId=1 (clean)
2017-01-14 16:53:46.854+0000 WARN  [o.n.k.i.s.MetaDataStore] Missing counts store, rebuilding it.
2017-01-14 16:53:47.002+0000 INFO  [o.n.k.a.i.l.LuceneLabelScanStore] Rebuilding lucene scan store, this may take a while
2017-01-14 16:53:47.027+0000 INFO  [o.n.k.a.i.l.LuceneLabelScanStore] Lucene scan store rebuilt (roughly 0 nodes)
2017-01-14 16:53:47.039+0000 INFO  [o.n.k.i.DatabaseHealth] Database health set to OK
2017-01-14 16:53:47.722+0000 INFO  [o.n.k.AvailabilityGuard] Fulfilling of requirement makes database available: Database available
2017-01-14 16:53:47.732+0000 INFO  [o.n.k.i.f.GraphDatabaseFacadeFactory] Database is now ready
2017-01-14 16:53:47.741+0000 INFO  [o.n.k.i.DiagnosticsManager] --- STARTED diagnostics for KernelDiagnostics:Versions START ---
2017-01-14 16:53:47.747+0000 INFO  [o.n.k.i.DiagnosticsManager] Graph Database: community single StoreId{creationTime=1484412826134, randomId=-731720559384269087, storeVersion=15531981201765894, upgradeTime=1484412826134, upgradeId=1}
2017-01-14 16:53:47.753+0000 INFO  [o.n.k.i.DiagnosticsManager] Kernel version: 3.1.0,16a782b42d76ca37db72958eb2565cf6aa671a29
2017-01-14 16:53:47.759+0000 INFO  [o.n.k.i.DiagnosticsManager] --- STARTED diagnostics for KernelDiagnostics:Versions END ---
2017-01-14 16:53:47.769+0000 INFO  [o.n.k.i.DiagnosticsManager] --- STARTED diagnostics for NEO_STORE_VERSIONS START ---
2017-01-14 16:53:47.775+0000 INFO  [o.n.k.i.DiagnosticsManager] Store versions:
2017-01-14 16:53:47.781+0000 INFO  [o.n.k.i.DiagnosticsManager] Store versions:
2017-01-14 16:53:47.788+0000 INFO  [o.n.k.i.DiagnosticsManager]   ArrayPropertyStore v0.A.7
2017-01-14 16:53:47.794+0000 INFO  [o.n.k.i.DiagnosticsManager]   NodeStore v0.A.7
2017-01-14 16:53:47.801+0000 INFO  [o.n.k.i.DiagnosticsManager]   StringPropertyStore v0.A.7
2017-01-14 16:53:47.808+0000 INFO  [o.n.k.i.DiagnosticsManager]   PropertyIndexStore v0.A.7
2017-01-14 16:53:47.813+0000 INFO  [o.n.k.i.DiagnosticsManager]   StringPropertyStore v0.A.7
2017-01-14 16:53:47.822+0000 INFO  [o.n.k.i.DiagnosticsManager]   ArrayPropertyStore v0.A.7
2017-01-14 16:53:47.828+0000 INFO  [o.n.k.i.DiagnosticsManager]   PropertyStore v0.A.7
2017-01-14 16:53:47.836+0000 INFO  [o.n.k.i.DiagnosticsManager]   RelationshipStore v0.A.7
2017-01-14 16:53:47.842+0000 INFO  [o.n.k.i.DiagnosticsManager]   StringPropertyStore v0.A.7
2017-01-14 16:53:47.852+0000 INFO  [o.n.k.i.DiagnosticsManager]   RelationshipTypeStore v0.A.7
2017-01-14 16:53:47.858+0000 INFO  [o.n.k.i.DiagnosticsManager]   StringPropertyStore v0.A.7
2017-01-14 16:53:47.867+0000 INFO  [o.n.k.i.DiagnosticsManager]   LabelTokenStore v0.A.7
2017-01-14 16:53:47.875+0000 INFO  [o.n.k.i.DiagnosticsManager]   SchemaStore v0.A.7
2017-01-14 16:53:47.881+0000 INFO  [o.n.k.i.DiagnosticsManager]   RelationshipGroupStore v0.A.7
2017-01-14 16:53:47.889+0000 INFO  [o.n.k.i.DiagnosticsManager]   NeoStore v0.A.7
2017-01-14 16:53:47.895+0000 INFO  [o.n.k.i.DiagnosticsManager] --- STARTED diagnostics for NEO_STORE_VERSIONS END ---
2017-01-14 16:53:47.900+0000 INFO  [o.n.k.i.DiagnosticsManager] --- STARTED diagnostics for NEO_STORE_ID_USAGE START ---
2017-01-14 16:53:47.906+0000 INFO  [o.n.k.i.DiagnosticsManager] Id usage:
2017-01-14 16:53:47.912+0000 INFO  [o.n.k.i.DiagnosticsManager] Id usage:
2017-01-14 16:53:47.920+0000 INFO  [o.n.k.i.DiagnosticsManager]   ArrayPropertyStore: used=1 high=0
2017-01-14 16:53:47.926+0000 INFO  [o.n.k.i.DiagnosticsManager]   NodeStore: used=0 high=-1
2017-01-14 16:53:47.932+0000 INFO  [o.n.k.i.DiagnosticsManager]   StringPropertyStore: used=1 high=0
2017-01-14 16:53:47.938+0000 INFO  [o.n.k.i.DiagnosticsManager]   PropertyIndexStore: used=0 high=-1
2017-01-14 16:53:47.944+0000 INFO  [o.n.k.i.DiagnosticsManager]   StringPropertyStore: used=1 high=0
2017-01-14 16:53:47.950+0000 INFO  [o.n.k.i.DiagnosticsManager]   ArrayPropertyStore: used=1 high=0
2017-01-14 16:53:47.956+0000 INFO  [o.n.k.i.DiagnosticsManager]   PropertyStore: used=0 high=-1
2017-01-14 16:53:47.962+0000 INFO  [o.n.k.i.DiagnosticsManager]   RelationshipStore: used=0 high=-1
2017-01-14 16:53:47.970+0000 INFO  [o.n.k.i.DiagnosticsManager]   StringPropertyStore: used=1 high=0
2017-01-14 16:53:47.976+0000 INFO  [o.n.k.i.DiagnosticsManager]   RelationshipTypeStore: used=0 high=-1
2017-01-14 16:53:47.981+0000 INFO  [o.n.k.i.DiagnosticsManager]   StringPropertyStore: used=1 high=0
2017-01-14 16:53:47.989+0000 INFO  [o.n.k.i.DiagnosticsManager]   LabelTokenStore: used=0 high=-1
2017-01-14 16:53:47.995+0000 INFO  [o.n.k.i.DiagnosticsManager]   SchemaStore: used=1 high=0
2017-01-14 16:53:48.000+0000 INFO  [o.n.k.i.DiagnosticsManager]   RelationshipGroupStore: used=1 high=0
2017-01-14 16:53:48.006+0000 INFO  [o.n.k.i.DiagnosticsManager]   NeoStore: used=15 high=14
2017-01-14 16:53:48.012+0000 INFO  [o.n.k.i.DiagnosticsManager] --- STARTED diagnostics for NEO_STORE_ID_USAGE END ---
2017-01-14 16:53:48.017+0000 INFO  [o.n.k.i.DiagnosticsManager] --- STARTED diagnostics for NEO_STORE_RECORDS START ---
2017-01-14 16:53:48.022+0000 INFO  [o.n.k.i.DiagnosticsManager] Neostore records:
2017-01-14 16:53:48.032+0000 INFO  [o.n.k.i.DiagnosticsManager] TIME (Creation time): 1484412826134
2017-01-14 16:53:48.040+0000 INFO  [o.n.k.i.DiagnosticsManager] RANDOM_NUMBER (Random number for store id): -731720559384269087
2017-01-14 16:53:48.045+0000 INFO  [o.n.k.i.DiagnosticsManager] LOG_VERSION (Current log version): 0
2017-01-14 16:53:48.053+0000 INFO  [o.n.k.i.DiagnosticsManager] LAST_TRANSACTION_ID (Last committed transaction): 1
2017-01-14 16:53:48.059+0000 INFO  [o.n.k.i.DiagnosticsManager] STORE_VERSION (Store format version): 15531981201765894
2017-01-14 16:53:48.065+0000 INFO  [o.n.k.i.DiagnosticsManager] FIRST_GRAPH_PROPERTY (First property record containing graph properties): -1
2017-01-14 16:53:48.071+0000 INFO  [o.n.k.i.DiagnosticsManager] LAST_CONSTRAINT_TRANSACTION (Last committed transaction containing constraint changes): 0
2017-01-14 16:53:48.079+0000 INFO  [o.n.k.i.DiagnosticsManager] UPGRADE_TRANSACTION_ID (Transaction id most recent upgrade was performed at): 1
2017-01-14 16:53:48.085+0000 INFO  [o.n.k.i.DiagnosticsManager] UPGRADE_TIME (Time of last upgrade): 1484412826134
2017-01-14 16:53:48.092+0000 INFO  [o.n.k.i.DiagnosticsManager] LAST_TRANSACTION_CHECKSUM (Checksum of last committed transaction): 0
2017-01-14 16:53:48.099+0000 INFO  [o.n.k.i.DiagnosticsManager] UPGRADE_TRANSACTION_CHECKSUM (Checksum of transaction id the most recent upgrade was performed at): 0
2017-01-14 16:53:48.107+0000 INFO  [o.n.k.i.DiagnosticsManager] LAST_CLOSED_TRANSACTION_LOG_VERSION (Log version where the last transaction commit entry has been written into): 0
2017-01-14 16:53:48.112+0000 INFO  [o.n.k.i.DiagnosticsManager] LAST_CLOSED_TRANSACTION_LOG_BYTE_OFFSET (Byte offset in the log file where the last transaction commit entry has been written into): 16
2017-01-14 16:53:48.121+0000 INFO  [o.n.k.i.DiagnosticsManager] LAST_TRANSACTION_COMMIT_TIMESTAMP (Commit time timestamp for last committed transaction): 0
2017-01-14 16:53:48.127+0000 INFO  [o.n.k.i.DiagnosticsManager] UPGRADE_TRANSACTION_COMMIT_TIMESTAMP (Commit timestamp of transaction the most recent upgrade was performed at): 0
2017-01-14 16:53:48.135+0000 INFO  [o.n.k.i.DiagnosticsManager] --- STARTED diagnostics for NEO_STORE_RECORDS END ---
2017-01-14 16:53:48.142+0000 INFO  [o.n.k.i.DiagnosticsManager] --- STARTED diagnostics for TRANSACTION_RANGE START ---
2017-01-14 16:53:48.150+0000 INFO  [o.n.k.i.DiagnosticsManager] Transaction log:
2017-01-14 16:53:48.160+0000 INFO  [o.n.k.i.DiagnosticsManager] No transactions found in any log
2017-01-14 16:53:48.166+0000 INFO  [o.n.k.i.DiagnosticsManager] --- STARTED diagnostics for TRANSACTION_RANGE END ---
2017-01-14 16:53:48.172+0000 INFO  [o.n.k.i.DiagnosticsManager] --- STARTED diagnostics for KernelDiagnostics:StoreFiles START ---
2017-01-14 16:53:48.183+0000 INFO  [o.n.k.i.DiagnosticsManager] Disk space on partition (Total / Free / Free %): 348089454592 / 290576027648 / 83
Storage files: (filename : modification date - size)
2017-01-14 16:53:48.193+0000 INFO  [o.n.k.i.DiagnosticsManager]   index:
2017-01-14 16:53:48.201+0000 INFO  [o.n.k.i.DiagnosticsManager]   - Total: 2017-01-14T17:53:46+0100 - 0,00 B
2017-01-14 16:53:48.207+0000 INFO  [o.n.k.i.DiagnosticsManager]   logs:
2017-01-14 16:53:48.215+0000 INFO  [o.n.k.i.DiagnosticsManager]     debug.log: 2017-01-14T17:53:43+0100 - 39,16 kB
2017-01-14 16:53:48.222+0000 INFO  [o.n.k.i.DiagnosticsManager]   - Total: 2017-01-14T17:53:43+0100 - 39,16 kB
2017-01-14 16:53:48.228+0000 INFO  [o.n.k.i.DiagnosticsManager]   neostore: 2017-01-14T17:53:46+0100 - 8,00 kB
2017-01-14 16:53:48.234+0000 INFO  [o.n.k.i.DiagnosticsManager]   neostore.counts.db.a: 2017-01-14T17:53:46+0100 - 96,00 B
2017-01-14 16:53:48.240+0000 INFO  [o.n.k.i.DiagnosticsManager]   neostore.id: 2017-01-14T17:53:46+0100 - 9,00 B
2017-01-14 16:53:48.247+0000 INFO  [o.n.k.i.DiagnosticsManager]   neostore.labeltokenstore.db: 2017-01-14T17:53:45+0100 - 0,00 B
2017-01-14 16:53:48.253+0000 INFO  [o.n.k.i.DiagnosticsManager]   neostore.labeltokenstore.db.id: 2017-01-14T17:53:45+0100 - 9,00 B
2017-01-14 16:53:48.260+0000 INFO  [o.n.k.i.DiagnosticsManager]   neostore.labeltokenstore.db.names: 2017-01-14T17:53:45+0100 - 8,00 kB
2017-01-14 16:53:48.267+0000 INFO  [o.n.k.i.DiagnosticsManager]   neostore.labeltokenstore.db.names.id: 2017-01-14T17:53:45+0100 - 9,00 B
2017-01-14 16:53:48.273+0000 INFO  [o.n.k.i.DiagnosticsManager]   neostore.nodestore.db: 2017-01-14T17:53:44+0100 - 0,00 B
2017-01-14 16:53:48.279+0000 INFO  [o.n.k.i.DiagnosticsManager]   neostore.nodestore.db.id: 2017-01-14T17:53:44+0100 - 9,00 B
2017-01-14 16:53:48.285+0000 INFO  [o.n.k.i.DiagnosticsManager]   neostore.nodestore.db.labels: 2017-01-14T17:53:44+0100 - 8,00 kB
2017-01-14 16:53:48.294+0000 INFO  [o.n.k.i.DiagnosticsManager]   neostore.nodestore.db.labels.id: 2017-01-14T17:53:44+0100 - 9,00 B
2017-01-14 16:53:48.300+0000 INFO  [o.n.k.i.DiagnosticsManager]   neostore.propertystore.db: 2017-01-14T17:53:45+0100 - 0,00 B
2017-01-14 16:53:48.307+0000 INFO  [o.n.k.i.DiagnosticsManager]   neostore.propertystore.db.arrays: 2017-01-14T17:53:45+0100 - 8,00 kB
2017-01-14 16:53:48.313+0000 INFO  [o.n.k.i.DiagnosticsManager]   neostore.propertystore.db.arrays.id: 2017-01-14T17:53:45+0100 - 9,00 B
2017-01-14 16:53:48.319+0000 INFO  [o.n.k.i.DiagnosticsManager]   neostore.propertystore.db.id: 2017-01-14T17:53:45+0100 - 9,00 B
2017-01-14 16:53:48.325+0000 INFO  [o.n.k.i.DiagnosticsManager]   neostore.propertystore.db.index: 2017-01-14T17:53:44+0100 - 0,00 B
2017-01-14 16:53:48.332+0000 INFO  [o.n.k.i.DiagnosticsManager]   neostore.propertystore.db.index.id: 2017-01-14T17:53:44+0100 - 9,00 B
2017-01-14 16:53:48.339+0000 INFO  [o.n.k.i.DiagnosticsManager]   neostore.propertystore.db.index.keys: 2017-01-14T17:53:44+0100 - 8,00 kB
2017-01-14 16:53:48.345+0000 INFO  [o.n.k.i.DiagnosticsManager]   neostore.propertystore.db.index.keys.id: 2017-01-14T17:53:44+0100 - 9,00 B
2017-01-14 16:53:48.352+0000 INFO  [o.n.k.i.DiagnosticsManager]   neostore.propertystore.db.strings: 2017-01-14T17:53:44+0100 - 8,00 kB
2017-01-14 16:53:48.358+0000 INFO  [o.n.k.i.DiagnosticsManager]   neostore.propertystore.db.strings.id: 2017-01-14T17:53:45+0100 - 9,00 B
2017-01-14 16:53:48.364+0000 INFO  [o.n.k.i.DiagnosticsManager]   neostore.relationshipgroupstore.db: 2017-01-14T17:53:45+0100 - 8,00 kB
2017-01-14 16:53:48.370+0000 INFO  [o.n.k.i.DiagnosticsManager]   neostore.relationshipgroupstore.db.id: 2017-01-14T17:53:46+0100 - 9,00 B
2017-01-14 16:53:48.377+0000 INFO  [o.n.k.i.DiagnosticsManager]   neostore.relationshipstore.db: 2017-01-14T17:53:45+0100 - 0,00 B
2017-01-14 16:53:48.384+0000 INFO  [o.n.k.i.DiagnosticsManager]   neostore.relationshipstore.db.id: 2017-01-14T17:53:45+0100 - 9,00 B
2017-01-14 16:53:48.391+0000 INFO  [o.n.k.i.DiagnosticsManager]   neostore.relationshiptypestore.db: 2017-01-14T17:53:45+0100 - 0,00 B
2017-01-14 16:53:48.397+0000 INFO  [o.n.k.i.DiagnosticsManager]   neostore.relationshiptypestore.db.id: 2017-01-14T17:53:45+0100 - 9,00 B
2017-01-14 16:53:48.406+0000 INFO  [o.n.k.i.DiagnosticsManager]   neostore.relationshiptypestore.db.names: 2017-01-14T17:53:45+0100 - 8,00 kB
2017-01-14 16:53:48.412+0000 INFO  [o.n.k.i.DiagnosticsManager]   neostore.relationshiptypestore.db.names.id: 2017-01-14T17:53:45+0100 - 9,00 B
2017-01-14 16:53:48.417+0000 INFO  [o.n.k.i.DiagnosticsManager]   neostore.schemastore.db: 2017-01-14T17:53:45+0100 - 8,00 kB
2017-01-14 16:53:48.423+0000 INFO  [o.n.k.i.DiagnosticsManager]   neostore.schemastore.db.id: 2017-01-14T17:53:45+0100 - 9,00 B
2017-01-14 16:53:48.430+0000 INFO  [o.n.k.i.DiagnosticsManager]   neostore.transaction.db.0: 2017-01-14T17:53:46+0100 - 16,00 B
2017-01-14 16:53:48.436+0000 INFO  [o.n.k.i.DiagnosticsManager]   schema:
2017-01-14 16:53:48.442+0000 INFO  [o.n.k.i.DiagnosticsManager]     label:
2017-01-14 16:53:48.451+0000 INFO  [o.n.k.i.DiagnosticsManager]       lucene:
2017-01-14 16:53:48.459+0000 INFO  [o.n.k.i.DiagnosticsManager]         labelStore:
2017-01-14 16:53:48.465+0000 INFO  [o.n.k.i.DiagnosticsManager]           1:
2017-01-14 16:53:48.471+0000 INFO  [o.n.k.i.DiagnosticsManager]             write.lock: 2017-01-14T17:53:46+0100 - 0,00 B
2017-01-14 16:53:48.478+0000 INFO  [o.n.k.i.DiagnosticsManager]           - Total: 2017-01-14T17:53:46+0100 - 0,00 B
2017-01-14 16:53:48.485+0000 INFO  [o.n.k.i.DiagnosticsManager]           failure-message: 2017-01-14T17:53:46+0100 - 16,00 kB
2017-01-14 16:53:48.491+0000 INFO  [o.n.k.i.DiagnosticsManager]         - Total: 2017-01-14T17:53:46+0100 - 16,00 kB
2017-01-14 16:53:48.497+0000 INFO  [o.n.k.i.DiagnosticsManager]       - Total: 2017-01-14T17:53:46+0100 - 16,00 kB
2017-01-14 16:53:48.503+0000 INFO  [o.n.k.i.DiagnosticsManager]     - Total: 2017-01-14T17:53:46+0100 - 16,00 kB
2017-01-14 16:53:48.509+0000 INFO  [o.n.k.i.DiagnosticsManager]   - Total: 2017-01-14T17:53:46+0100 - 16,00 kB
2017-01-14 16:53:48.515+0000 INFO  [o.n.k.i.DiagnosticsManager]   store_lock: 2017-01-14T17:53:44+0100 - 0,00 B
2017-01-14 16:53:48.521+0000 INFO  [o.n.k.i.DiagnosticsManager] --- STARTED diagnostics for KernelDiagnostics:StoreFiles END ---
